app/release/mapping/mapping.txt
# compiler: R8
# compiler_version: 1.4.77
# min_api: 26
com.darvis.redisandroid.MainActivity$1 -> com.darvis.redisandroid.a:
com.darvis.redisandroid.MainActivity$AsyncTaskRunner -> com.darvis.redisandroid.MainActivity$a:
    com.darvis.redisandroid.MainActivity this$0 -> a
    java.lang.String doInBackground(java.lang.String[]) -> a
    void onPostExecute(java.lang.String) -> a
    void onProgressUpdate(java.lang.String[]) -> b
...
androidx.appcompat.view.ActionMode -> a.a.d.b:
    java.lang.Object mTag -> a
    boolean mTitleOptionalHint -> b
    void finish() -> a
    void setCustomView(android.view.View) -> a
    void setSubtitle(int) -> a
    void setSubtitle(java.lang.CharSequence) -> a
    void setTag(java.lang.Object) -> a
    void setTitleOptionalHint(boolean) -> a
    android.view.View getCustomView() -> b
    void setTitle(int) -> b
    void setTitle(java.lang.CharSequence) -> b
    android.view.Menu getMenu() -> c
    android.view.MenuInflater getMenuInflater() -> d
    java.lang.CharSequence getSubtitle() -> e
    java.lang.Object getTag() -> f
    java.lang.CharSequence getTitle() -> g
    boolean getTitleOptionalHint() -> h
    void invalidate() -> i
    boolean isTitleOptional() -> j
androidx.appcompat.view.ActionMode$Callback -> a.a.d.b$a:
    boolean onActionItemClicked(androidx.appcompat.view.ActionMode,android.view.MenuItem) -> a
    boolean onCreateActionMode(androidx.appcompat.view.ActionMode,android.view.Menu) -> a
    void onDestroyActionMode(androidx.appcompat.view.ActionMode) -> a
    boolean onPrepareActionMode(androidx.appcompat.view.ActionMode,android.view.Menu) -> b
androidx.appcompat.view.CollapsibleActionView -> a.a.d.c:
androidx.appcompat.view.ContextThemeWrapper -> a.a.d.d:
    android.content.res.Resources$Theme mTheme -> b
    android.content.res.Configuration mOverrideConfiguration -> d
    android.content.res.Resources mResources -> e
    android.view.LayoutInflater mInflater -> c
    int mThemeResource -> a
    int getThemeResId() -> a
    void onApplyThemeResource(android.content.res.Resources$Theme,int,boolean) -> a
    android.content.res.Resources getResourcesInternal() -> b
    void initializeTheme() -> c
androidx.appcompat.view.StandaloneActionMode -> a.a.d.e:
    android.content.Context mContext -> c
    androidx.appcompat.widget.ActionBarContextView mContextView -> d
    androidx.appcompat.view.ActionMode$Callback mCallback -> e
    java.lang.ref.WeakReference mCustomView -> f
    boolean mFinished -> g
    boolean mFocusable -> h
    androidx.appcompat.view.menu.MenuBuilder mMenu -> i
    void finish() -> a
    boolean onMenuItemSelected(androidx.appcompat.view.menu.MenuBuilder,android.view.MenuItem) -> a
    void onMenuModeChange(androidx.appcompat.view.menu.MenuBuilder) -> a
    void setCustomView(android.view.View) -> a
    void setSubtitle(int) -> a
    void setSubtitle(java.lang.CharSequence) -> a
    void setTitleOptionalHint(boolean) -> a
    android.view.View getCustomView() -> b
    void setTitle(int) -> b
    void setTitle(java.lang.CharSequence) -> b
    android.view.Menu getMenu() -> c
    android.view.MenuInflater getMenuInflater() -> d
    java.lang.CharSequence getSubtitle() -> e
    java.lang.CharSequence getTitle() -> g
    void invalidate() -> i
    boolean isTitleOptional() -> j
androidx.appcompat.view.SupportActionModeWrapper -> a.a.d.f:
    android.content.Context mContext -> a
    androidx.appcompat.view.ActionMode mWrappedObject -> b
androidx.appcompat.view.SupportActionModeWrapper$CallbackWrapper -> a.a.d.f$a:
    android.content.Context mContext -> b
    androidx.collection.SimpleArrayMap mMenus -> d
    android.view.ActionMode$Callback mWrappedCallback -> a
    java.util.ArrayList mActionModes -> c
    android.view.Menu getMenuWrapper(android.view.Menu) -> a
    boolean onActionItemClicked(androidx.appcompat.view.ActionMode,android.view.MenuItem) -> a
    boolean onCreateActionMode(androidx.appcompat.view.ActionMode,android.view.Menu) -> a
    void onDestroyActionMode(androidx.appcompat.view.ActionMode) -> a
    android.view.ActionMode getActionModeWrapper(androidx.appcompat.view.ActionMode) -> b
    boolean onPrepareActionMode(androidx.appcompat.view.ActionMode,android.view.Menu) -> b